<?xml version="1.0" encoding="UTF-8"?>
<!-- Generated by org.testng.reporters.JUnitReportReporter -->
<testsuite hostname="LAPTOP-KQD8Q2AP" name="NGFramework.TestngFramework" tests="3" failures="0" timestamp="9 Feb 2021 23:30:24 GMT" time="0.010" errors="0">
  <testcase name="tc1" time="0.008" classname="NGFramework.TestngFramework"/>
  <testcase name="tc3" time="0.001" classname="NGFramework.TestngFramework"/>
  <testcase name="tc2" time="0.001" classname="NGFramework.TestngFramework"/>
</testsuite> <!-- NGFramework.TestngFramework -->
